# base directories/device nodes
dir /proc 755 0 0
dir /sys 755 0 0

dir /dev 755 0 0
nod /dev/console 640 0 0 c 5 1
nod /dev/null 664 0 0 c 1 3

# init itself
file /init init 755 0 0

# busybox and links
dir /bin 755 0 0
file /bin/busybox ../busybox/busybox 4755 0 0
slink /bin/sh busybox 777 0 0

# module directories
dir /lib 755 0 0
dir /lib/modules 755 0 0
dir /lib/modules/#KERNEL_VERSION# 755 0 0
dir /lib/modules/#KERNEL_VERSION#/kernel 755 0 0
dir /lib/modules/#KERNEL_VERSION#/kernel/crypto 755 0 0
dir /lib/modules/#KERNEL_VERSION#/kernel/drivers 755 0 0
dir /lib/modules/#KERNEL_VERSION#/kernel/drivers/ata 755 0 0
dir /lib/modules/#KERNEL_VERSION#/kernel/drivers/usb 755 0 0
dir /lib/modules/#KERNEL_VERSION#/kernel/drivers/hid 755 0 0
dir /lib/modules/#KERNEL_VERSION#/kernel/drivers/usb/class 755 0 0
dir /lib/modules/#KERNEL_VERSION#/kernel/drivers/usb/core 755 0 0
dir /lib/modules/#KERNEL_VERSION#/kernel/drivers/usb/host 755 0 0
dir /lib/modules/#KERNEL_VERSION#/kernel/drivers/usb/input 755 0 0
dir /lib/modules/#KERNEL_VERSION#/kernel/drivers/usb/misc 755 0 0
dir /lib/modules/#KERNEL_VERSION#/kernel/drivers/usb/mon 755 0 0
dir /lib/modules/#KERNEL_VERSION#/kernel/drivers/usb/serial 755 0 0
dir /lib/modules/#KERNEL_VERSION#/kernel/drivers/usb/storage 755 0 0
dir /lib/modules/#KERNEL_VERSION#/kernel/drivers/firewire 755 0 0
dir /lib/modules/#KERNEL_VERSION#/kernel/drivers/scsi 755 0 0
dir /lib/modules/#KERNEL_VERSION#/kernel/drivers/scsi/aacraid 755 0 0
dir /lib/modules/#KERNEL_VERSION#/kernel/drivers/scsi/aic7xxx 755 0 0
dir /lib/modules/#KERNEL_VERSION#/kernel/drivers/scsi/aic94xx 755 0 0
dir /lib/modules/#KERNEL_VERSION#/kernel/drivers/scsi/arcmsr 755 0 0
dir /lib/modules/#KERNEL_VERSION#/kernel/drivers/scsi/libsas 755 0 0
dir /lib/modules/#KERNEL_VERSION#/kernel/drivers/scsi/lpfc 755 0 0
dir /lib/modules/#KERNEL_VERSION#/kernel/drivers/scsi/megaraid 755 0 0
dir /lib/modules/#KERNEL_VERSION#/kernel/drivers/scsi/qla2xxx 755 0 0
dir /lib/modules/#KERNEL_VERSION#/kernel/drivers/scsi/qla4xxx 755 0 0
dir /lib/modules/#KERNEL_VERSION#/kernel/drivers/scsi/sym53c8xx_2 755 0 0
dir /lib/modules/#KERNEL_VERSION#/kernel/drivers/message 755 0 0
dir /lib/modules/#KERNEL_VERSION#/kernel/drivers/message/fusion 755 0 0
dir /lib/modules/#KERNEL_VERSION#/kernel/drivers/cdrom 755 0 0
dir /lib/modules/#KERNEL_VERSION#/kernel/drivers/base 755 0 0
dir /lib/modules/#KERNEL_VERSION#/kernel/drivers/hv 755 0 0
dir /lib/modules/#KERNEL_VERSION#/kernel/drivers/virtio 755 0 0
dir /lib/modules/#KERNEL_VERSION#/kernel/fs 755 0 0
dir /lib/modules/#KERNEL_VERSION#/kernel/fs/isofs 755 0 0
dir /lib/modules/#KERNEL_VERSION#/kernel/fs/ext2 755 0 0
dir /lib/modules/#KERNEL_VERSION#/kernel/fs/ext4 755 0 0
dir /lib/modules/#KERNEL_VERSION#/kernel/fs/jfs 755 0 0
dir /lib/modules/#KERNEL_VERSION#/kernel/fs/reiserfs 755 0 0
dir /lib/modules/#KERNEL_VERSION#/kernel/fs/xfs 755 0 0
dir /lib/modules/#KERNEL_VERSION#/kernel/fs/fat 755 0 0
dir /lib/modules/#KERNEL_VERSION#/kernel/fs/jbd2 755 0 0
dir /lib/modules/#KERNEL_VERSION#/kernel/fs/btrfs 755 0 0
dir /lib/modules/#KERNEL_VERSION#/kernel/fs/nls 755 0 0
dir /lib/modules/#KERNEL_VERSION#/kernel/lib 755 0 0
dir /lib/modules/#KERNEL_VERSION#/kernel/lib/lzo 755 0 0
dir /lib/modules/#KERNEL_VERSION#/kernel/lib/raid6 755 0 0
dir /lib/modules/#KERNEL_VERSION#/kernel/lib/zlib_deflate 755 0 0
dir /lib/modules/#KERNEL_VERSION#/kernel/lib/zstd 755 0 0

# modules.dep
file /lib/modules/#KERNEL_VERSION#/modules.dep ../tmp/rootfs/lib/modules/#KERNEL_VERSION#/modules.dep 644 0 0


file /lib/modules/#KERNEL_VERSION#/kernel/crypto/crc32c_generic.ko ../kernel/linux-#KERNEL_VERSION#/crypto/crc32c_generic.ko 644 0 0
file /lib/modules/#KERNEL_VERSION#/kernel/crypto/xor.ko ../kernel/linux-#KERNEL_VERSION#/crypto/xor.ko 644 0 0
file /lib/modules/#KERNEL_VERSION#/kernel/drivers/cdrom/cdrom.ko ../kernel/linux-#KERNEL_VERSION#/drivers/cdrom/cdrom.ko 644 0 0
file /lib/modules/#KERNEL_VERSION#/kernel/drivers/usb/class/cdc-acm.ko ../kernel/linux-#KERNEL_VERSION#/drivers/usb/class/cdc-acm.ko 644 0 0
file /lib/modules/#KERNEL_VERSION#/kernel/drivers/usb/storage/usb-storage.ko ../kernel/linux-#KERNEL_VERSION#/drivers/usb/storage/usb-storage.ko 644 0 0
file /lib/modules/#KERNEL_VERSION#/kernel/drivers/hid/hid-apple.ko ../kernel/linux-#KERNEL_VERSION#/drivers/hid/hid-apple.ko 644 0 0
file /lib/modules/#KERNEL_VERSION#/kernel/drivers/hid/hid-generic.ko ../kernel/linux-#KERNEL_VERSION#/drivers/hid/hid-generic.ko 644 0 0
file /lib/modules/#KERNEL_VERSION#/kernel/drivers/hid/hid-logitech-dj.ko ../kernel/linux-#KERNEL_VERSION#/drivers/hid/hid-logitech-dj.ko 644 0 0
file /lib/modules/#KERNEL_VERSION#/kernel/drivers/firewire/firewire-core.ko ../kernel/linux-#KERNEL_VERSION#/drivers/firewire/firewire-core.ko 644 0 0
file /lib/modules/#KERNEL_VERSION#/kernel/drivers/firewire/firewire-ohci.ko ../kernel/linux-#KERNEL_VERSION#/drivers/firewire/firewire-ohci.ko 644 0 0
file /lib/modules/#KERNEL_VERSION#/kernel/drivers/firewire/firewire-sbp2.ko ../kernel/linux-#KERNEL_VERSION#/drivers/firewire/firewire-sbp2.ko 644 0 0
file /lib/modules/#KERNEL_VERSION#/kernel/drivers/ata/libahci.ko ../kernel/linux-#KERNEL_VERSION#/drivers/ata/libahci.ko 644 0 0
file /lib/modules/#KERNEL_VERSION#/kernel/drivers/ata/ahci.ko ../kernel/linux-#KERNEL_VERSION#/drivers/ata/ahci.ko 644 0 0
file /lib/modules/#KERNEL_VERSION#/kernel/drivers/ata/ata_generic.ko ../kernel/linux-#KERNEL_VERSION#/drivers/ata/ata_generic.ko 644 0 0
file /lib/modules/#KERNEL_VERSION#/kernel/drivers/ata/ata_piix.ko ../kernel/linux-#KERNEL_VERSION#/drivers/ata/ata_piix.ko 644 0 0
file /lib/modules/#KERNEL_VERSION#/kernel/drivers/ata/libata.ko ../kernel/linux-#KERNEL_VERSION#/drivers/ata/libata.ko 644 0 0
file /lib/modules/#KERNEL_VERSION#/kernel/drivers/ata/pata_ali.ko ../kernel/linux-#KERNEL_VERSION#/drivers/ata/pata_ali.ko 644 0 0
file /lib/modules/#KERNEL_VERSION#/kernel/drivers/ata/pata_amd.ko ../kernel/linux-#KERNEL_VERSION#/drivers/ata/pata_amd.ko 644 0 0
file /lib/modules/#KERNEL_VERSION#/kernel/drivers/ata/pata_artop.ko ../kernel/linux-#KERNEL_VERSION#/drivers/ata/pata_artop.ko 644 0 0
file /lib/modules/#KERNEL_VERSION#/kernel/drivers/ata/pata_atiixp.ko ../kernel/linux-#KERNEL_VERSION#/drivers/ata/pata_atiixp.ko 644 0 0
file /lib/modules/#KERNEL_VERSION#/kernel/drivers/ata/pata_cmd640.ko ../kernel/linux-#KERNEL_VERSION#/drivers/ata/pata_cmd640.ko 644 0 0
file /lib/modules/#KERNEL_VERSION#/kernel/drivers/ata/pata_cmd64x.ko ../kernel/linux-#KERNEL_VERSION#/drivers/ata/pata_cmd64x.ko 644 0 0
file /lib/modules/#KERNEL_VERSION#/kernel/drivers/ata/pata_cypress.ko ../kernel/linux-#KERNEL_VERSION#/drivers/ata/pata_cypress.ko 644 0 0
file /lib/modules/#KERNEL_VERSION#/kernel/drivers/ata/pata_efar.ko ../kernel/linux-#KERNEL_VERSION#/drivers/ata/pata_efar.ko 644 0 0
file /lib/modules/#KERNEL_VERSION#/kernel/drivers/ata/pata_hpt366.ko ../kernel/linux-#KERNEL_VERSION#/drivers/ata/pata_hpt366.ko 644 0 0
file /lib/modules/#KERNEL_VERSION#/kernel/drivers/ata/pata_hpt37x.ko ../kernel/linux-#KERNEL_VERSION#/drivers/ata/pata_hpt37x.ko 644 0 0
file /lib/modules/#KERNEL_VERSION#/kernel/drivers/ata/pata_hpt3x2n.ko ../kernel/linux-#KERNEL_VERSION#/drivers/ata/pata_hpt3x2n.ko 644 0 0
file /lib/modules/#KERNEL_VERSION#/kernel/drivers/ata/pata_hpt3x3.ko ../kernel/linux-#KERNEL_VERSION#/drivers/ata/pata_hpt3x3.ko 644 0 0
file /lib/modules/#KERNEL_VERSION#/kernel/drivers/ata/pata_it8213.ko ../kernel/linux-#KERNEL_VERSION#/drivers/ata/pata_it8213.ko 644 0 0
file /lib/modules/#KERNEL_VERSION#/kernel/drivers/ata/pata_it821x.ko ../kernel/linux-#KERNEL_VERSION#/drivers/ata/pata_it821x.ko 644 0 0
file /lib/modules/#KERNEL_VERSION#/kernel/drivers/ata/pata_jmicron.ko ../kernel/linux-#KERNEL_VERSION#/drivers/ata/pata_jmicron.ko 644 0 0
file /lib/modules/#KERNEL_VERSION#/kernel/drivers/ata/pata_marvell.ko ../kernel/linux-#KERNEL_VERSION#/drivers/ata/pata_marvell.ko 644 0 0
file /lib/modules/#KERNEL_VERSION#/kernel/drivers/ata/pata_mpiix.ko ../kernel/linux-#KERNEL_VERSION#/drivers/ata/pata_mpiix.ko 644 0 0
file /lib/modules/#KERNEL_VERSION#/kernel/drivers/ata/pata_netcell.ko ../kernel/linux-#KERNEL_VERSION#/drivers/ata/pata_netcell.ko 644 0 0
file /lib/modules/#KERNEL_VERSION#/kernel/drivers/ata/pata_ninja32.ko ../kernel/linux-#KERNEL_VERSION#/drivers/ata/pata_ninja32.ko 644 0 0
file /lib/modules/#KERNEL_VERSION#/kernel/drivers/ata/pata_ns87410.ko ../kernel/linux-#KERNEL_VERSION#/drivers/ata/pata_ns87410.ko 644 0 0
file /lib/modules/#KERNEL_VERSION#/kernel/drivers/ata/pata_ns87415.ko ../kernel/linux-#KERNEL_VERSION#/drivers/ata/pata_ns87415.ko 644 0 0
file /lib/modules/#KERNEL_VERSION#/kernel/drivers/ata/pata_oldpiix.ko ../kernel/linux-#KERNEL_VERSION#/drivers/ata/pata_oldpiix.ko 644 0 0
file /lib/modules/#KERNEL_VERSION#/kernel/drivers/ata/pata_opti.ko ../kernel/linux-#KERNEL_VERSION#/drivers/ata/pata_opti.ko 644 0 0
file /lib/modules/#KERNEL_VERSION#/kernel/drivers/ata/pata_optidma.ko ../kernel/linux-#KERNEL_VERSION#/drivers/ata/pata_optidma.ko 644 0 0
file /lib/modules/#KERNEL_VERSION#/kernel/drivers/ata/pata_pcmcia.ko ../kernel/linux-#KERNEL_VERSION#/drivers/ata/pata_pcmcia.ko 644 0 0
file /lib/modules/#KERNEL_VERSION#/kernel/drivers/ata/pata_pdc2027x.ko ../kernel/linux-#KERNEL_VERSION#/drivers/ata/pata_pdc2027x.ko 644 0 0
file /lib/modules/#KERNEL_VERSION#/kernel/drivers/ata/pata_radisys.ko ../kernel/linux-#KERNEL_VERSION#/drivers/ata/pata_radisys.ko 644 0 0
file /lib/modules/#KERNEL_VERSION#/kernel/drivers/ata/pata_rz1000.ko ../kernel/linux-#KERNEL_VERSION#/drivers/ata/pata_rz1000.ko 644 0 0
file /lib/modules/#KERNEL_VERSION#/kernel/drivers/ata/pata_sch.ko ../kernel/linux-#KERNEL_VERSION#/drivers/ata/pata_sch.ko 644 0 0
file /lib/modules/#KERNEL_VERSION#/kernel/drivers/ata/pata_serverworks.ko ../kernel/linux-#KERNEL_VERSION#/drivers/ata/pata_serverworks.ko 644 0 0
file /lib/modules/#KERNEL_VERSION#/kernel/drivers/ata/pata_sil680.ko ../kernel/linux-#KERNEL_VERSION#/drivers/ata/pata_sil680.ko 644 0 0
file /lib/modules/#KERNEL_VERSION#/kernel/drivers/ata/pata_sis.ko ../kernel/linux-#KERNEL_VERSION#/drivers/ata/pata_sis.ko 644 0 0
file /lib/modules/#KERNEL_VERSION#/kernel/drivers/ata/pata_sl82c105.ko ../kernel/linux-#KERNEL_VERSION#/drivers/ata/pata_sl82c105.ko 644 0 0
file /lib/modules/#KERNEL_VERSION#/kernel/drivers/ata/pata_triflex.ko ../kernel/linux-#KERNEL_VERSION#/drivers/ata/pata_triflex.ko 644 0 0
file /lib/modules/#KERNEL_VERSION#/kernel/drivers/ata/pata_via.ko ../kernel/linux-#KERNEL_VERSION#/drivers/ata/pata_via.ko 644 0 0
file /lib/modules/#KERNEL_VERSION#/kernel/drivers/ata/pdc_adma.ko ../kernel/linux-#KERNEL_VERSION#/drivers/ata/pdc_adma.ko 644 0 0
file /lib/modules/#KERNEL_VERSION#/kernel/drivers/ata/sata_inic162x.ko ../kernel/linux-#KERNEL_VERSION#/drivers/ata/sata_inic162x.ko 644 0 0
file /lib/modules/#KERNEL_VERSION#/kernel/drivers/ata/sata_mv.ko ../kernel/linux-#KERNEL_VERSION#/drivers/ata/sata_mv.ko 644 0 0
file /lib/modules/#KERNEL_VERSION#/kernel/drivers/ata/sata_nv.ko ../kernel/linux-#KERNEL_VERSION#/drivers/ata/sata_nv.ko 644 0 0
file /lib/modules/#KERNEL_VERSION#/kernel/drivers/ata/sata_promise.ko ../kernel/linux-#KERNEL_VERSION#/drivers/ata/sata_promise.ko 644 0 0
file /lib/modules/#KERNEL_VERSION#/kernel/drivers/ata/sata_qstor.ko ../kernel/linux-#KERNEL_VERSION#/drivers/ata/sata_qstor.ko 644 0 0
file /lib/modules/#KERNEL_VERSION#/kernel/drivers/ata/sata_sil.ko ../kernel/linux-#KERNEL_VERSION#/drivers/ata/sata_sil.ko 644 0 0
file /lib/modules/#KERNEL_VERSION#/kernel/drivers/ata/sata_sil24.ko ../kernel/linux-#KERNEL_VERSION#/drivers/ata/sata_sil24.ko 644 0 0
file /lib/modules/#KERNEL_VERSION#/kernel/drivers/ata/sata_sis.ko ../kernel/linux-#KERNEL_VERSION#/drivers/ata/sata_sis.ko 644 0 0
file /lib/modules/#KERNEL_VERSION#/kernel/drivers/ata/sata_svw.ko ../kernel/linux-#KERNEL_VERSION#/drivers/ata/sata_svw.ko 644 0 0
file /lib/modules/#KERNEL_VERSION#/kernel/drivers/ata/sata_sx4.ko ../kernel/linux-#KERNEL_VERSION#/drivers/ata/sata_sx4.ko 644 0 0
file /lib/modules/#KERNEL_VERSION#/kernel/drivers/ata/sata_uli.ko ../kernel/linux-#KERNEL_VERSION#/drivers/ata/sata_uli.ko 644 0 0
file /lib/modules/#KERNEL_VERSION#/kernel/drivers/ata/sata_via.ko ../kernel/linux-#KERNEL_VERSION#/drivers/ata/sata_via.ko 644 0 0
file /lib/modules/#KERNEL_VERSION#/kernel/drivers/ata/sata_vsc.ko ../kernel/linux-#KERNEL_VERSION#/drivers/ata/sata_vsc.ko 644 0 0
file /lib/modules/#KERNEL_VERSION#/kernel/drivers/scsi/scsi_mod.ko ../kernel/linux-#KERNEL_VERSION#/drivers/scsi/scsi_mod.ko 644 0 0
file /lib/modules/#KERNEL_VERSION#/kernel/drivers/scsi/3w-9xxx.ko ../kernel/linux-#KERNEL_VERSION#/drivers/scsi/3w-9xxx.ko 644 0 0
file /lib/modules/#KERNEL_VERSION#/kernel/drivers/scsi/3w-xxxx.ko ../kernel/linux-#KERNEL_VERSION#/drivers/scsi/3w-xxxx.ko 644 0 0
file /lib/modules/#KERNEL_VERSION#/kernel/drivers/scsi/BusLogic.ko ../kernel/linux-#KERNEL_VERSION#/drivers/scsi/BusLogic.ko 644 0 0
file /lib/modules/#KERNEL_VERSION#/kernel/drivers/scsi/a100u2w.ko ../kernel/linux-#KERNEL_VERSION#/drivers/scsi/a100u2w.ko 644 0 0
file /lib/modules/#KERNEL_VERSION#/kernel/drivers/scsi/aacraid/aacraid.ko ../kernel/linux-#KERNEL_VERSION#/drivers/scsi/aacraid/aacraid.ko 644 0 0
file /lib/modules/#KERNEL_VERSION#/kernel/drivers/scsi/advansys.ko ../kernel/linux-#KERNEL_VERSION#/drivers/scsi/advansys.ko 644 0 0
file /lib/modules/#KERNEL_VERSION#/kernel/drivers/scsi/aic7xxx/aic79xx.ko ../kernel/linux-#KERNEL_VERSION#/drivers/scsi/aic7xxx/aic79xx.ko 644 0 0
file /lib/modules/#KERNEL_VERSION#/kernel/drivers/scsi/aic7xxx/aic7xxx.ko ../kernel/linux-#KERNEL_VERSION#/drivers/scsi/aic7xxx/aic7xxx.ko 644 0 0
file /lib/modules/#KERNEL_VERSION#/kernel/drivers/scsi/aic94xx/aic94xx.ko ../kernel/linux-#KERNEL_VERSION#/drivers/scsi/aic94xx/aic94xx.ko 644 0 0
file /lib/modules/#KERNEL_VERSION#/kernel/drivers/scsi/arcmsr/arcmsr.ko ../kernel/linux-#KERNEL_VERSION#/drivers/scsi/arcmsr/arcmsr.ko 644 0 0
file /lib/modules/#KERNEL_VERSION#/kernel/drivers/scsi/atp870u.ko ../kernel/linux-#KERNEL_VERSION#/drivers/scsi/atp870u.ko 644 0 0
file /lib/modules/#KERNEL_VERSION#/kernel/drivers/scsi/dc395x.ko ../kernel/linux-#KERNEL_VERSION#/drivers/scsi/dc395x.ko 644 0 0
file /lib/modules/#KERNEL_VERSION#/kernel/drivers/scsi/dmx3191d.ko ../kernel/linux-#KERNEL_VERSION#/drivers/scsi/dmx3191d.ko 644 0 0
file /lib/modules/#KERNEL_VERSION#/kernel/drivers/scsi/dpt_i2o.ko ../kernel/linux-#KERNEL_VERSION#/drivers/scsi/dpt_i2o.ko 644 0 0
file /lib/modules/#KERNEL_VERSION#/kernel/drivers/scsi/gdth.ko ../kernel/linux-#KERNEL_VERSION#/drivers/scsi/gdth.ko 644 0 0
file /lib/modules/#KERNEL_VERSION#/kernel/drivers/scsi/hpsa.ko ../kernel/linux-#KERNEL_VERSION#/drivers/scsi/hpsa.ko 644 0 0
file /lib/modules/#KERNEL_VERSION#/kernel/drivers/scsi/hptiop.ko ../kernel/linux-#KERNEL_VERSION#/drivers/scsi/hptiop.ko 644 0 0
file /lib/modules/#KERNEL_VERSION#/kernel/drivers/scsi/hv_storvsc.ko ../kernel/linux-#KERNEL_VERSION#/drivers/scsi/hv_storvsc.ko 644 0 0
file /lib/modules/#KERNEL_VERSION#/kernel/drivers/scsi/initio.ko ../kernel/linux-#KERNEL_VERSION#/drivers/scsi/initio.ko 644 0 0
file /lib/modules/#KERNEL_VERSION#/kernel/drivers/scsi/ipr.ko ../kernel/linux-#KERNEL_VERSION#/drivers/scsi/ipr.ko 644 0 0
file /lib/modules/#KERNEL_VERSION#/kernel/drivers/scsi/ips.ko ../kernel/linux-#KERNEL_VERSION#/drivers/scsi/ips.ko 644 0 0
file /lib/modules/#KERNEL_VERSION#/kernel/drivers/scsi/libsas/libsas.ko ../kernel/linux-#KERNEL_VERSION#/drivers/scsi/libsas/libsas.ko 644 0 0
file /lib/modules/#KERNEL_VERSION#/kernel/drivers/scsi/lpfc/lpfc.ko ../kernel/linux-#KERNEL_VERSION#/drivers/scsi/lpfc/lpfc.ko 644 0 0
file /lib/modules/#KERNEL_VERSION#/kernel/drivers/scsi/megaraid.ko ../kernel/linux-#KERNEL_VERSION#/drivers/scsi/megaraid.ko 644 0 0
file /lib/modules/#KERNEL_VERSION#/kernel/drivers/scsi/megaraid/megaraid_mbox.ko ../kernel/linux-#KERNEL_VERSION#/drivers/scsi/megaraid/megaraid_mbox.ko 644 0 0
file /lib/modules/#KERNEL_VERSION#/kernel/drivers/scsi/megaraid/megaraid_mm.ko ../kernel/linux-#KERNEL_VERSION#/drivers/scsi/megaraid/megaraid_mm.ko 644 0 0
file /lib/modules/#KERNEL_VERSION#/kernel/drivers/scsi/megaraid/megaraid_sas.ko ../kernel/linux-#KERNEL_VERSION#/drivers/scsi/megaraid/megaraid_sas.ko 644 0 0
file /lib/modules/#KERNEL_VERSION#/kernel/drivers/scsi/mvsas/mvsas.ko ../kernel/linux-#KERNEL_VERSION#/drivers/scsi/mvsas/mvsas.ko 644 0 0
file /lib/modules/#KERNEL_VERSION#/kernel/drivers/scsi/qla1280.ko ../kernel/linux-#KERNEL_VERSION#/drivers/scsi/qla1280.ko 644 0 0
file /lib/modules/#KERNEL_VERSION#/kernel/drivers/scsi/qla2xxx/qla2xxx.ko ../kernel/linux-#KERNEL_VERSION#/drivers/scsi/qla2xxx/qla2xxx.ko 644 0 0
file /lib/modules/#KERNEL_VERSION#/kernel/drivers/scsi/qla4xxx/qla4xxx.ko ../kernel/linux-#KERNEL_VERSION#/drivers/scsi/qla4xxx/qla4xxx.ko 644 0 0
file /lib/modules/#KERNEL_VERSION#/kernel/drivers/scsi/scsi_transport_fc.ko ../kernel/linux-#KERNEL_VERSION#/drivers/scsi/scsi_transport_fc.ko 644 0 0
file /lib/modules/#KERNEL_VERSION#/kernel/drivers/scsi/scsi_transport_iscsi.ko ../kernel/linux-#KERNEL_VERSION#/drivers/scsi/scsi_transport_iscsi.ko 644 0 0
file /lib/modules/#KERNEL_VERSION#/kernel/drivers/scsi/scsi_transport_sas.ko ../kernel/linux-#KERNEL_VERSION#/drivers/scsi/scsi_transport_sas.ko 644 0 0
file /lib/modules/#KERNEL_VERSION#/kernel/drivers/scsi/scsi_transport_spi.ko ../kernel/linux-#KERNEL_VERSION#/drivers/scsi/scsi_transport_spi.ko 644 0 0
file /lib/modules/#KERNEL_VERSION#/kernel/drivers/scsi/sd_mod.ko ../kernel/linux-#KERNEL_VERSION#/drivers/scsi/sd_mod.ko 644 0 0
file /lib/modules/#KERNEL_VERSION#/kernel/drivers/scsi/sg.ko ../kernel/linux-#KERNEL_VERSION#/drivers/scsi/sg.ko 644 0 0
file /lib/modules/#KERNEL_VERSION#/kernel/drivers/scsi/sr_mod.ko ../kernel/linux-#KERNEL_VERSION#/drivers/scsi/sr_mod.ko 644 0 0
file /lib/modules/#KERNEL_VERSION#/kernel/drivers/scsi/stex.ko ../kernel/linux-#KERNEL_VERSION#/drivers/scsi/stex.ko 644 0 0
file /lib/modules/#KERNEL_VERSION#/kernel/drivers/scsi/sym53c8xx_2/sym53c8xx.ko ../kernel/linux-#KERNEL_VERSION#/drivers/scsi/sym53c8xx_2/sym53c8xx.ko 644 0 0
file /lib/modules/#KERNEL_VERSION#/kernel/drivers/scsi/virtio_scsi.ko ../kernel/linux-#KERNEL_VERSION#/drivers/scsi/virtio_scsi.ko 644 0 0
file /lib/modules/#KERNEL_VERSION#/kernel/drivers/scsi/vmw_pvscsi.ko ../kernel/linux-#KERNEL_VERSION#/drivers/scsi/vmw_pvscsi.ko 644 0 0
file /lib/modules/#KERNEL_VERSION#/kernel/drivers/message/fusion/mptbase.ko ../kernel/linux-#KERNEL_VERSION#/drivers/message/fusion/mptbase.ko 644 0 0
file /lib/modules/#KERNEL_VERSION#/kernel/drivers/message/fusion/mptfc.ko ../kernel/linux-#KERNEL_VERSION#/drivers/message/fusion/mptfc.ko 644 0 0
file /lib/modules/#KERNEL_VERSION#/kernel/drivers/message/fusion/mptsas.ko ../kernel/linux-#KERNEL_VERSION#/drivers/message/fusion/mptsas.ko 644 0 0
file /lib/modules/#KERNEL_VERSION#/kernel/drivers/message/fusion/mptscsih.ko ../kernel/linux-#KERNEL_VERSION#/drivers/message/fusion/mptscsih.ko 644 0 0
file /lib/modules/#KERNEL_VERSION#/kernel/drivers/message/fusion/mptspi.ko ../kernel/linux-#KERNEL_VERSION#/drivers/message/fusion/mptspi.ko 644 0 0
file /lib/modules/#KERNEL_VERSION#/kernel/drivers/hv/hv_vmbus.ko ../kernel/linux-#KERNEL_VERSION#/drivers/hv/hv_vmbus.ko 644 0 0
file /lib/modules/#KERNEL_VERSION#/kernel/fs/isofs/isofs.ko ../kernel/linux-#KERNEL_VERSION#/fs/isofs/isofs.ko 644 0 0
file /lib/modules/#KERNEL_VERSION#/kernel/fs/ext2/ext2.ko ../kernel/linux-#KERNEL_VERSION#/fs/ext2/ext2.ko 644 0 0
file /lib/modules/#KERNEL_VERSION#/kernel/fs/ext4/ext4.ko ../kernel/linux-#KERNEL_VERSION#/fs/ext4/ext4.ko 644 0 0
file /lib/modules/#KERNEL_VERSION#/kernel/fs/jfs/jfs.ko ../kernel/linux-#KERNEL_VERSION#/fs/jfs/jfs.ko 644 0 0
file /lib/modules/#KERNEL_VERSION#/kernel/fs/reiserfs/reiserfs.ko ../kernel/linux-#KERNEL_VERSION#/fs/reiserfs/reiserfs.ko 644 0 0
file /lib/modules/#KERNEL_VERSION#/kernel/fs/xfs/xfs.ko ../kernel/linux-#KERNEL_VERSION#/fs/xfs/xfs.ko 644 0 0
file /lib/modules/#KERNEL_VERSION#/kernel/fs/fat/fat.ko ../kernel/linux-#KERNEL_VERSION#/fs/fat/fat.ko 644 0 0
file /lib/modules/#KERNEL_VERSION#/kernel/fs/fat/vfat.ko ../kernel/linux-#KERNEL_VERSION#/fs/fat/vfat.ko 644 0 0
file /lib/modules/#KERNEL_VERSION#/kernel/fs/fat/msdos.ko ../kernel/linux-#KERNEL_VERSION#/fs/fat/msdos.ko 644 0 0
file /lib/modules/#KERNEL_VERSION#/kernel/fs/mbcache.ko ../kernel/linux-#KERNEL_VERSION#/fs/mbcache.ko 644 0 0
file /lib/modules/#KERNEL_VERSION#/kernel/fs/jbd2/jbd2.ko ../kernel/linux-#KERNEL_VERSION#/fs/jbd2/jbd2.ko 644 0 0
file /lib/modules/#KERNEL_VERSION#/kernel/fs/btrfs/btrfs.ko ../kernel/linux-#KERNEL_VERSION#/fs/btrfs/btrfs.ko 644 0 0
file /lib/modules/#KERNEL_VERSION#/kernel/fs/nls/nls_cp437.ko ../kernel/linux-#KERNEL_VERSION#/fs/nls/nls_cp437.ko 644 0 0
file /lib/modules/#KERNEL_VERSION#/kernel/fs/nls/nls_iso8859-1.ko ../kernel/linux-#KERNEL_VERSION#/fs/nls/nls_iso8859-1.ko 644 0 0
file /lib/modules/#KERNEL_VERSION#/kernel/lib/crc16.ko ../kernel/linux-#KERNEL_VERSION#/lib/crc16.ko 644 0 0
file /lib/modules/#KERNEL_VERSION#/kernel/lib/crc-itu-t.ko ../kernel/linux-#KERNEL_VERSION#/lib/crc-itu-t.ko 644 0 0
file /lib/modules/#KERNEL_VERSION#/kernel/lib/libcrc32c.ko ../kernel/linux-#KERNEL_VERSION#/lib/libcrc32c.ko 644 0 0
file /lib/modules/#KERNEL_VERSION#/kernel/lib/xxhash.ko ../kernel/linux-#KERNEL_VERSION#/lib/xxhash.ko 644 0 0
file /lib/modules/#KERNEL_VERSION#/kernel/lib/lzo/lzo_compress.ko ../kernel/linux-#KERNEL_VERSION#/lib/lzo/lzo_compress.ko 644 0 0
file /lib/modules/#KERNEL_VERSION#/kernel/lib/raid6/raid6_pq.ko ../kernel/linux-#KERNEL_VERSION#/lib/raid6/raid6_pq.ko 644 0 0
file /lib/modules/#KERNEL_VERSION#/kernel/lib/zlib_deflate/zlib_deflate.ko ../kernel/linux-#KERNEL_VERSION#/lib/zlib_deflate/zlib_deflate.ko 644 0 0
file /lib/modules/#KERNEL_VERSION#/kernel/lib/zstd/zstd_compress.ko ../kernel/linux-#KERNEL_VERSION#/lib/zstd/zstd_compress.ko 644 0 0
file /lib/modules/#KERNEL_VERSION#/kernel/lib/zstd/zstd_decompress.ko ../kernel/linux-#KERNEL_VERSION#/lib/zstd/zstd_decompress.ko 644 0 0
